 INFO 2018-05-03T21:21:13.286 ..\..\src\mainwindow.cpp @ 267 updateList 
 INFO 2018-05-03T21:21:13.286 ..\..\forms\busmonitor.cpp @ 346 Tx Data :  "10  03  00  08  00  01  06  89  " 
 INFO 2018-05-03T21:21:13.296 ..\..\forms\busmonitor.cpp @ 367 Rx Data :  "10  03  02  02  00  45  27  " 
 INFO 2018-05-03T21:21:13.296 ..\..\src\mainwindow.cpp @ 359 Packets sent / received =  102 , errors =  0 
 INFO 2018-05-03T21:21:13.546 ..\..\src\mainwindow.cpp @ 267 updateList 
 INFO 2018-05-03T21:21:13.546 ..\..\forms\busmonitor.cpp @ 346 Tx Data :  "10  03  00  08  00  01  06  89  " 
 INFO 2018-05-03T21:21:13.546 ..\..\forms\busmonitor.cpp @ 367 Rx Data :  "10  03  02  02  00  45  27  " 
 INFO 2018-05-03T21:21:13.556 ..\..\src\mainwindow.cpp @ 359 Packets sent / received =  103 , errors =  0 
 INFO 2018-05-03T21:21:13.816 ..\..\src\mainwindow.cpp @ 267 updateList 
 INFO 2018-05-03T21:21:13.816 ..\..\forms\busmonitor.cpp @ 346 Tx Data :  "10  03  00  08  00  01  06  89  " 
 INFO 2018-05-03T21:21:13.816 ..\..\forms\busmonitor.cpp @ 367 Rx Data :  "10  03  02  02  00  45  27  " 
 INFO 2018-05-03T21:21:13.826 ..\..\src\mainwindow.cpp @ 359 Packets sent / received =  104 , errors =  0 
 INFO 2018-05-03T21:21:14.066 ..\..\src\mainwindow.cpp @ 267 updateList 
 INFO 2018-05-03T21:21:14.066 ..\..\forms\busmonitor.cpp @ 346 Tx Data :  "10  03  00  08  00  01  06  89  " 
 INFO 2018-05-03T21:21:14.066 ..\..\forms\busmonitor.cpp @ 367 Rx Data :  "10  03  02  02  00  45  27  " 
 INFO 2018-05-03T21:21:14.066 ..\..\src\mainwindow.cpp @ 359 Packets sent / received =  105 , errors =  0 
 INFO 2018-05-03T21:21:14.326 ..\..\src\mainwindow.cpp @ 267 updateList 
 INFO 2018-05-03T21:21:14.326 ..\..\src\mainwindow.cpp @ 359 Packets sent / received =  105 , errors =  0 
 INFO 2018-05-03T21:21:14.596 ..\..\src\mainwindow.cpp @ 267 updateList 
 INFO 2018-05-03T21:21:14.596 ..\..\src\mainwindow.cpp @ 359 Packets sent / received =  105 , errors =  0 
 INFO 2018-05-03T21:21:14.822 ..\..\src\mainwindow.cpp @ 267 updateList 
 INFO 2018-05-03T21:21:14.823 ..\..\src\mainwindow.cpp @ 359 Packets sent / received =  105 , errors =  0 
 INFO 2018-05-03T21:21:15.085 ..\..\src\mainwindow.cpp @ 267 updateList 
 INFO 2018-05-03T21:21:15.085 ..\..\src\mainwindow.cpp @ 359 Packets sent / received =  105 , errors =  0 
 INFO 2018-05-03T21:21:15.372 ..\..\src\mainwindow.cpp @ 267 updateList 
 INFO 2018-05-03T21:21:15.372 ..\..\src\mainwindow.cpp @ 359 Packets sent / received =  105 , errors =  0 
 INFO 2018-05-03T21:21:15.622 ..\..\src\mainwindow.cpp @ 267 updateList 
 INFO 2018-05-03T21:21:15.622 ..\..\src\mainwindow.cpp @ 359 Packets sent / received =  105 , errors =  0 
 INFO 2018-05-03T21:21:15.712 ..\..\src\mainwindow.cpp @ 306 Scan time =  false 
 INFO 2018-05-03T21:21:16.512 ..\..\src\mainwindow.cpp @ 220 clearItems 
 INFO 2018-05-03T21:21:18.792 ..\..\src\mainwindow.cpp @ 326 Modbus Connect. Value =  false 
 INFO 2018-05-03T21:21:18.842 ..\..\src\mainwindow.cpp @ 359 Packets sent / received =  105 , errors =  0 
 INFO 2018-05-03T21:21:18.842 ..\..\src\mainwindow.cpp @ 220 clearItems 
 INFO 2018-05-03T21:21:18.842 ..\..\src\mainwindow.cpp @ 163 Disconnected  
 INFO 2018-05-03T21:21:18.842 ..\..\src\mainwindow.cpp @ 359 Packets sent / received =  0 , errors =  0 
